[Tue Jul 04 08:04:44 2017]	[东子]	不错
[Tue Jul 04 08:04:53 2017]	[东子]	不错
[Tue Jul 04 08:05:06 2017]	[伊灵景]	小型聊天室就这样搭建起来了
[Tue Jul 04 08:05:09 2017]	[东子]	
[Tue Jul 04 08:07:18 2017]	[伊灵景]	
[Tue Jul 04 08:07:21 2017]	[东子]	
[Tue Jul 04 08:07:22 2017]	[东子]	
[Tue Jul 04 08:07:23 2017]	[东子]	
[Tue Jul 04 08:07:23 2017]	[东子]	
[Tue Jul 04 08:07:31 2017]	[伊灵景]	实时刷新
[Tue Jul 04 08:09:43 2017]	[孙遍行]	看起来不错
[Tue Jul 04 08:43:38 2017]	
[Tue Jul 04 08:43:43 2017]	
[Tue Jul 04 08:43:45 2017]	
[Tue Jul 04 08:43:54 2017]	
[Tue Jul 04 08:44:13 2017]	
[Tue Jul 04 08:44:47 2017]	马者|ni
[Tue Jul 04 08:45:52 2017]	冉后袋|sss
[Tue Jul 04 08:46:57 2017]	
[Tue Jul 04 08:46:58 2017]	
[Tue Jul 04 08:47:06 2017]	
[Tue Jul 04 08:47:30 2017]	
[Tue Jul 04 08:47:31 2017]	
[Tue Jul 04 08:47:32 2017]	
[Tue Jul 04 08:47:33 2017]	
[Tue Jul 04 08:47:33 2017]	
[Tue Jul 04 08:47:34 2017]	
[Tue Jul 04 08:47:46 2017]	
[Tue Jul 04 08:48:44 2017]	
[Tue Jul 04 08:48:46 2017]	
[Tue Jul 04 08:48:47 2017]	
[Tue Jul 04 08:48:56 2017]	
[Tue Jul 04 08:49:25 2017]	
[Tue Jul 04 08:49:51 2017]	[晃任]	hi
[Tue Jul 04 08:49:58 2017]	
[Tue Jul 04 08:50:06 2017]	[晃任]	hi
[Tue Jul 04 08:50:16 2017]	
[Tue Jul 04 08:50:17 2017]	
[Tue Jul 04 08:50:18 2017]	
[Tue Jul 04 08:50:19 2017]	
[Tue Jul 04 08:50:20 2017]	
[Tue Jul 04 08:50:21 2017]	
[Tue Jul 04 08:50:45 2017]	
[Tue Jul 04 08:50:46 2017]	
[Tue Jul 04 08:50:47 2017]	
[Tue Jul 04 08:50:48 2017]	
[Tue Jul 04 08:50:48 2017]	
[Tue Jul 04 08:50:49 2017]	
[Tue Jul 04 08:50:50 2017]	
[Tue Jul 04 08:50:51 2017]	
[Tue Jul 04 08:51:40 2017]	
[Tue Jul 04 08:52:24 2017]	
[Tue Jul 04 08:53:49 2017]	
[Tue Jul 04 08:53:50 2017]	
[Tue Jul 04 08:54:28 2017]	
[Tue Jul 04 08:55:00 2017]	[name]	hi
[Tue Jul 04 08:55:16 2017]	[name]	hi
[Tue Jul 04 08:55:19 2017]	[name]	
[Tue Jul 04 08:55:19 2017]	[name]	
[Tue Jul 04 08:55:19 2017]	[name]	
[Tue Jul 04 08:55:19 2017]	[name]	
[Tue Jul 04 08:56:20 2017]	
[Tue Jul 04 08:56:21 2017]	
[Tue Jul 04 08:56:34 2017]	
[Tue Jul 04 08:56:50 2017]	
[Tue Jul 04 08:57:12 2017]	
[Tue Jul 04 08:57:43 2017]	
[Tue Jul 04 08:58:02 2017]	
[Tue Jul 04 08:58:20 2017]	
[Tue Jul 04 08:58:26 2017]	
[Tue Jul 04 08:58:56 2017]	
[Tue Jul 04 08:59:58 2017]	
[Tue Jul 04 09:00:24 2017]	
[Tue Jul 04 09:00:46 2017]	
[Tue Jul 04 09:00:56 2017]	
[Tue Jul 04 09:01:20 2017]	
[Tue Jul 04 09:01:34 2017]	
[Tue Jul 04 09:02:14 2017]	
[Tue Jul 04 09:04:09 2017]	[椴灞辩ぞ]	hi
[Tue Jul 04 09:04:17 2017]	[姹涔]	hi
[Tue Jul 04 09:05:15 2017]	
[Tue Jul 04 09:05:39 2017]	
[Tue Jul 04 09:08:23 2017]	[家似]	aaa
[Tue Jul 04 09:08:24 2017]	[家似]	
[Tue Jul 04 09:08:36 2017]	[卞楠]	sss
[Tue Jul 04 09:08:58 2017]	[贝冲]	12
[Tue Jul 04 09:08:59 2017]	[贝冲]	12
[Tue Jul 04 09:09:01 2017]	[贝冲]	12
[Tue Jul 04 09:09:02 2017]	[贝冲]	
[Tue Jul 04 09:09:02 2017]	[贝冲]	
[Tue Jul 04 09:09:02 2017]	[贝冲]	
[Tue Jul 04 09:09:02 2017]	[贝冲]	
[Tue Jul 04 09:09:27 2017]	[翁丈]	
[Tue Jul 04 09:09:28 2017]	[翁丈]	
[Tue Jul 04 09:09:28 2017]	[翁丈]	
[Tue Jul 04 09:10:02 2017]	[韶守]	可以了
[Tue Jul 04 09:10:36 2017]	[伊站玛]	测试
[Tue Jul 04 09:10:39 2017]	[伊站玛]	还不错
[Tue Jul 04 09:12:48 2017]	
[Tue Jul 04 09:17:21 2017]	[窦向枪]	hi
[Tue Jul 04 09:17:26 2017]	[窦向枪]	看起来不错
[Tue Jul 04 09:17:38 2017]	[窦向枪]	这样就可以了
[Tue Jul 04 09:18:23 2017]	[乔冰钟]	不错
[Tue Jul 04 09:18:27 2017]	[乔冰钟]	还行
[Tue Jul 04 09:54:00 2017]	[余比某]	测试
[Tue Jul 04 09:54:05 2017]	[余比某]	
[Tue Jul 04 09:54:05 2017]	[余比某]	
[Tue Jul 04 09:54:06 2017]	[余比某]	
[Tue Jul 04 09:54:06 2017]	[余比某]	
[Tue Jul 04 09:54:07 2017]	[余比某]	
[Tue Jul 04 09:54:07 2017]	[余比某]	
[Tue Jul 04 09:54:07 2017]	[余比某]	
[Tue Jul 04 09:54:07 2017]	[余比某]	
[Tue Jul 04 09:54:08 2017]	[余比某]	
[Tue Jul 04 09:54:08 2017]	[余比某]	
[Tue Jul 04 09:54:08 2017]	[余比某]	
[Tue Jul 04 09:57:35 2017]	[暨六待]	hi
[Tue Jul 04 09:58:21 2017]	
[Tue Jul 04 09:58:32 2017]	
[Tue Jul 04 09:59:03 2017]	[蓟创]	12
[Tue Jul 04 09:59:06 2017]	[衡亚]	12
